<?xml version="1.0" encoding="UTF-8"?>
<testng-results ignored="0" total="1" passed="1" failed="0" skipped="0">
  <reporter-output>
  </reporter-output>
  <suite started-at="2023-05-29T07:48:43Z" name="Default suite" finished-at="2023-05-29T07:48:50Z" duration-ms="7060">
    <groups>
    </groups>
    <test started-at="2023-05-29T07:48:43Z" name="Default test" finished-at="2023-05-29T07:48:50Z" duration-ms="7060">
      <class name="orange.testscripts.PageFactoryOrangeLoginTestCases">
        <test-method signature="browserLaunch()[pri:0, instance:orange.testscripts.PageFactoryOrangeLoginTestCases@181e731e]" started-at="2023-05-29T07:48:43Z" name="browserLaunch" finished-at="2023-05-29T07:48:50Z" duration-ms="7022" status="PASS">
          <reporter-output>
          </reporter-output>
        </test-method> <!-- browserLaunch -->
      </class> <!-- orange.testscripts.PageFactoryOrangeLoginTestCases -->
    </test> <!-- Default test -->
  </suite> <!-- Default suite -->
</testng-results>
